[0m11:14:03.325085 [debug] [MainThread]: Sending event: {'category': 'dbt', 'action': 'invocation', 'label': 'start', 'context': [<snowplow_tracker.self_describing_json.SelfDescribingJson object at 0x000001F2FD648910>, <snowplow_tracker.self_describing_json.SelfDescribingJson object at 0x000001F280CDBA50>, <snowplow_tracker.self_describing_json.SelfDescribingJson object at 0x000001F280CDB510>]}


============================== 11:14:03.349721 | f1e36b95-092c-4fab-9c16-500dd4a4de1b ==============================
[0m11:14:03.349721 [info ] [MainThread]: Running with dbt=1.10.13
[0m11:14:03.349721 [debug] [MainThread]: running dbt with arguments {'invocation_command': 'dbt init retail_dbt', 'profiles_dir': 'C:\\Users\\JEEVITA\\.dbt', 'no_print': 'None', 'write_json': 'True', 'printer_width': '80', 'warn_error': 'None', 'log_path': 'logs', 'fail_fast': 'False', 'partial_parse': 'True', 'send_anonymous_usage_stats': 'True', 'static_parser': 'True', 'warn_error_options': 'WarnErrorOptionsV2(error=[], warn=[], silence=[])', 'indirect_selection': 'eager', 'version_check': 'True', 'use_experimental_parser': 'False', 'quiet': 'False', 'introspect': 'True', 'empty': 'None', 'log_cache_events': 'False', 'debug': 'False', 'log_format': 'default', 'use_colors': 'True', 'cache_selected_only': 'False', 'target_path': 'None'}
[0m11:14:03.380635 [info ] [MainThread]: Creating dbt configuration folder at C:\Users\JEEVITA\.dbt
[0m11:14:03.391136 [debug] [MainThread]: Starter project path: C:\Users\JEEVITA\Retail_DataLakeHouse\dbt_env\Lib\site-packages\dbt\include\starter_project
[0m11:14:03.539138 [info ] [MainThread]: 
Your new dbt project "retail_dbt" was created!

For more information on how to configure the profiles.yml file,
please consult the dbt documentation here:

  https://docs.getdbt.com/docs/configure-your-profile

One more thing:

Need help? Don't hesitate to reach out to us via GitHub issues or on Slack:

  https://community.getdbt.com/

Happy modeling!

[0m11:14:03.539138 [info ] [MainThread]: Setting up your profile.
[0m11:14:44.343826 [info ] [MainThread]: Profile retail_dbt written to C:\Users\JEEVITA\.dbt\profiles.yml using target's sample configuration. Once updated, you'll be able to start developing with dbt.
[0m11:14:44.343826 [debug] [MainThread]: Command `dbt init` succeeded at 11:14:44.343826 after 41.13 seconds
[0m11:14:44.343826 [debug] [MainThread]: Sending event: {'category': 'dbt', 'action': 'invocation', 'label': 'end', 'context': [<snowplow_tracker.self_describing_json.SelfDescribingJson object at 0x000001F2FA2203D0>, <snowplow_tracker.self_describing_json.SelfDescribingJson object at 0x000001F2FCD6E390>, <snowplow_tracker.self_describing_json.SelfDescribingJson object at 0x000001F280A1ED10>]}
[0m11:14:44.343826 [debug] [MainThread]: Flushing usage events
[0m11:14:46.544227 [debug] [MainThread]: An error was encountered while trying to flush usage events
